{"numTotalTestSuites":38,"numPassedTestSuites":25,"numFailedTestSuites":13,"numPendingTestSuites":0,"numTotalTests":36,"numPassedTests":28,"numFailedTests":8,"numPendingTests":0,"numTodoTests":0,"snapshot":{"added":0,"failure":false,"filesAdded":0,"filesRemoved":0,"filesRemovedList":[],"filesUnmatched":0,"filesUpdated":0,"matched":0,"total":0,"unchecked":0,"uncheckedKeysByFile":[],"unmatched":0,"updated":0,"didUpdate":false},"startTime":1761739666935,"success":false,"testResults":[{"assertionResults":[],"startTime":1761739666935,"endTime":1761739666935,"status":"failed","message":"Playwright Test did not expect test() to be called here.\nMost common reasons include:\n- You are calling test() in a configuration file.\n- You are calling test() in a file that is imported by the configuration file.\n- You have two different versions of @playwright/test. This usually happens\n  when one of the dependencies in your package.json depends on @playwright/test.","name":"/workspaces/ProspectPro/tests/example.spec.ts"},{"assertionResults":[],"startTime":1761739666935,"endTime":1761739666935,"status":"failed","message":"Cannot find module '../../../agents/context/context-manager.ts'\nRequire stack:\n- /workspaces/ProspectPro/dev-tools/testing/integration/context.test.js","name":"/workspaces/ProspectPro/dev-tools/testing/integration/context.test.js"},{"assertionResults":[],"startTime":1761739666935,"endTime":1761739666935,"status":"failed","message":"Only URLs with a scheme in: file, data, and node are supported by the default ESM loader. Received protocol 'https:'","name":"/workspaces/ProspectPro/app/backend/functions/tests/business-discovery.test.ts"},{"assertionResults":[{"ancestorTitles":["ConfigLocator","loadConfig"],"fullName":"ConfigLocator loadConfig should load config from primary location (.vscode/mcp_config.json)","status":"passed","title":"should load config from primary location (.vscode/mcp_config.json)","duration":7.9138039999999705,"failureMessages":[],"meta":{}},{"ancestorTitles":["ConfigLocator","loadConfig"],"fullName":"ConfigLocator loadConfig should fallback to secondary location (config/mcp-config.json) when primary fails","status":"passed","title":"should fallback to secondary location (config/mcp-config.json) when primary fails","duration":1.031137000000001,"failureMessages":[],"meta":{}},{"ancestorTitles":["ConfigLocator","loadConfig"],"fullName":"ConfigLocator loadConfig should throw error when both locations fail","status":"passed","title":"should throw error when both locations fail","duration":1.297473000000025,"failureMessages":[],"meta":{}},{"ancestorTitles":["ConfigLocator","loadConfig"],"fullName":"ConfigLocator loadConfig should throw error for invalid JSON","status":"passed","title":"should throw error for invalid JSON","duration":1.0182629999999904,"failureMessages":[],"meta":{}}],"startTime":1761739667881,"endTime":1761739667893.0183,"status":"passed","message":"","name":"/workspaces/ProspectPro/dev-tools/agents/client-service-layer/__tests__/ConfigLocator.test.ts"},{"assertionResults":[{"ancestorTitles":["MCPClientManager Integration Tests","Full Lifecycle Integration"],"fullName":"MCPClientManager Integration Tests Full Lifecycle Integration should initialize, create clients, and dispose properly","status":"failed","title":"should initialize, create clients, and dispose properly","duration":9.647984000000008,"failureMessages":["TypeError: Cannot spy on export \"existsSync\". Module namespace is not configurable in ESM. See: https://vitest.dev/guide/browser/#limitations\n    at Object.spyOn (file:///workspaces/ProspectPro/node_modules/@vitest/spy/dist/index.js:29:10)\n    at /workspaces/ProspectPro/dev-tools/agents/client-service-layer/__tests__/MCPClientManager.integration.test.ts:52:8\n    at file:///workspaces/ProspectPro/node_modules/@vitest/runner/dist/chunk-hooks.js:155:11\n    at file:///workspaces/ProspectPro/node_modules/@vitest/runner/dist/chunk-hooks.js:1897:20\n    at new Promise (<anonymous>)\n    at runWithTimeout (file:///workspaces/ProspectPro/node_modules/@vitest/runner/dist/chunk-hooks.js:1863:10)\n    at runHook (file:///workspaces/ProspectPro/node_modules/@vitest/runner/dist/chunk-hooks.js:1436:51)\n    at callSuiteHook (file:///workspaces/ProspectPro/node_modules/@vitest/runner/dist/chunk-hooks.js:1442:25)\n    at processTicksAndRejections (node:internal/process/task_queues:95:5)\n    at callSuiteHook (file:///workspaces/ProspectPro/node_modules/@vitest/runner/dist/chunk-hooks.js:1429:21)"],"meta":{}},{"ancestorTitles":["MCPClientManager Integration Tests","Full Lifecycle Integration"],"fullName":"MCPClientManager Integration Tests Full Lifecycle Integration should handle retry logic on connection failures","status":"failed","title":"should handle retry logic on connection failures","duration":1.8923649999999839,"failureMessages":["TypeError: Cannot spy on export \"existsSync\". Module namespace is not configurable in ESM. See: https://vitest.dev/guide/browser/#limitations\n    at Object.spyOn (file:///workspaces/ProspectPro/node_modules/@vitest/spy/dist/index.js:29:10)\n    at /workspaces/ProspectPro/dev-tools/agents/client-service-layer/__tests__/MCPClientManager.integration.test.ts:52:8\n    at file:///workspaces/ProspectPro/node_modules/@vitest/runner/dist/chunk-hooks.js:155:11\n    at file:///workspaces/ProspectPro/node_modules/@vitest/runner/dist/chunk-hooks.js:1897:20\n    at new Promise (<anonymous>)\n    at runWithTimeout (file:///workspaces/ProspectPro/node_modules/@vitest/runner/dist/chunk-hooks.js:1863:10)\n    at runHook (file:///workspaces/ProspectPro/node_modules/@vitest/runner/dist/chunk-hooks.js:1436:51)\n    at callSuiteHook (file:///workspaces/ProspectPro/node_modules/@vitest/runner/dist/chunk-hooks.js:1442:25)\n    at processTicksAndRejections (node:internal/process/task_queues:95:5)\n    at callSuiteHook (file:///workspaces/ProspectPro/node_modules/@vitest/runner/dist/chunk-hooks.js:1429:21)"],"meta":{}},{"ancestorTitles":["MCPClientManager Integration Tests","Full Lifecycle Integration"],"fullName":"MCPClientManager Integration Tests Full Lifecycle Integration should handle configuration errors gracefully","status":"failed","title":"should handle configuration errors gracefully","duration":3.3921770000000038,"failureMessages":["TypeError: Cannot spy on export \"existsSync\". Module namespace is not configurable in ESM. See: https://vitest.dev/guide/browser/#limitations\n    at Object.spyOn (file:///workspaces/ProspectPro/node_modules/@vitest/spy/dist/index.js:29:10)\n    at /workspaces/ProspectPro/dev-tools/agents/client-service-layer/__tests__/MCPClientManager.integration.test.ts:52:8\n    at file:///workspaces/ProspectPro/node_modules/@vitest/runner/dist/chunk-hooks.js:155:11\n    at file:///workspaces/ProspectPro/node_modules/@vitest/runner/dist/chunk-hooks.js:1897:20\n    at new Promise (<anonymous>)\n    at runWithTimeout (file:///workspaces/ProspectPro/node_modules/@vitest/runner/dist/chunk-hooks.js:1863:10)\n    at runHook (file:///workspaces/ProspectPro/node_modules/@vitest/runner/dist/chunk-hooks.js:1436:51)\n    at callSuiteHook (file:///workspaces/ProspectPro/node_modules/@vitest/runner/dist/chunk-hooks.js:1442:25)\n    at processTicksAndRejections (node:internal/process/task_queues:95:5)\n    at callSuiteHook (file:///workspaces/ProspectPro/node_modules/@vitest/runner/dist/chunk-hooks.js:1429:21)"],"meta":{}},{"ancestorTitles":["MCPClientManager Integration Tests","Full Lifecycle Integration"],"fullName":"MCPClientManager Integration Tests Full Lifecycle Integration should handle client operation errors gracefully","status":"failed","title":"should handle client operation errors gracefully","duration":1.209730000000036,"failureMessages":["TypeError: Cannot spy on export \"existsSync\". Module namespace is not configurable in ESM. See: https://vitest.dev/guide/browser/#limitations\n    at Object.spyOn (file:///workspaces/ProspectPro/node_modules/@vitest/spy/dist/index.js:29:10)\n    at /workspaces/ProspectPro/dev-tools/agents/client-service-layer/__tests__/MCPClientManager.integration.test.ts:52:8\n    at file:///workspaces/ProspectPro/node_modules/@vitest/runner/dist/chunk-hooks.js:155:11\n    at file:///workspaces/ProspectPro/node_modules/@vitest/runner/dist/chunk-hooks.js:1897:20\n    at new Promise (<anonymous>)\n    at runWithTimeout (file:///workspaces/ProspectPro/node_modules/@vitest/runner/dist/chunk-hooks.js:1863:10)\n    at runHook (file:///workspaces/ProspectPro/node_modules/@vitest/runner/dist/chunk-hooks.js:1436:51)\n    at callSuiteHook (file:///workspaces/ProspectPro/node_modules/@vitest/runner/dist/chunk-hooks.js:1442:25)\n    at processTicksAndRejections (node:internal/process/task_queues:95:5)\n    at callSuiteHook (file:///workspaces/ProspectPro/node_modules/@vitest/runner/dist/chunk-hooks.js:1429:21)"],"meta":{}},{"ancestorTitles":["MCPClientManager Integration Tests","Stress Testing"],"fullName":"MCPClientManager Integration Tests Stress Testing should handle multiple concurrent client requests","status":"failed","title":"should handle multiple concurrent client requests","duration":1.4456409999999664,"failureMessages":["TypeError: Cannot spy on export \"existsSync\". Module namespace is not configurable in ESM. See: https://vitest.dev/guide/browser/#limitations\n    at Object.spyOn (file:///workspaces/ProspectPro/node_modules/@vitest/spy/dist/index.js:29:10)\n    at /workspaces/ProspectPro/dev-tools/agents/client-service-layer/__tests__/MCPClientManager.integration.test.ts:52:8\n    at file:///workspaces/ProspectPro/node_modules/@vitest/runner/dist/chunk-hooks.js:155:11\n    at file:///workspaces/ProspectPro/node_modules/@vitest/runner/dist/chunk-hooks.js:1897:20\n    at new Promise (<anonymous>)\n    at runWithTimeout (file:///workspaces/ProspectPro/node_modules/@vitest/runner/dist/chunk-hooks.js:1863:10)\n    at runHook (file:///workspaces/ProspectPro/node_modules/@vitest/runner/dist/chunk-hooks.js:1436:51)\n    at callSuiteHook (file:///workspaces/ProspectPro/node_modules/@vitest/runner/dist/chunk-hooks.js:1442:25)\n    at processTicksAndRejections (node:internal/process/task_queues:95:5)\n    at callSuiteHook (file:///workspaces/ProspectPro/node_modules/@vitest/runner/dist/chunk-hooks.js:1429:21)"],"meta":{}},{"ancestorTitles":["MCPClientManager Integration Tests","Stress Testing"],"fullName":"MCPClientManager Integration Tests Stress Testing should handle rapid create/dispose cycles","status":"failed","title":"should handle rapid create/dispose cycles","duration":0.8370429999999942,"failureMessages":["TypeError: Cannot spy on export \"existsSync\". Module namespace is not configurable in ESM. See: https://vitest.dev/guide/browser/#limitations\n    at Object.spyOn (file:///workspaces/ProspectPro/node_modules/@vitest/spy/dist/index.js:29:10)\n    at /workspaces/ProspectPro/dev-tools/agents/client-service-layer/__tests__/MCPClientManager.integration.test.ts:52:8\n    at file:///workspaces/ProspectPro/node_modules/@vitest/runner/dist/chunk-hooks.js:155:11\n    at file:///workspaces/ProspectPro/node_modules/@vitest/runner/dist/chunk-hooks.js:1897:20\n    at new Promise (<anonymous>)\n    at runWithTimeout (file:///workspaces/ProspectPro/node_modules/@vitest/runner/dist/chunk-hooks.js:1863:10)\n    at runHook (file:///workspaces/ProspectPro/node_modules/@vitest/runner/dist/chunk-hooks.js:1436:51)\n    at callSuiteHook (file:///workspaces/ProspectPro/node_modules/@vitest/runner/dist/chunk-hooks.js:1442:25)\n    at processTicksAndRejections (node:internal/process/task_queues:95:5)\n    at callSuiteHook (file:///workspaces/ProspectPro/node_modules/@vitest/runner/dist/chunk-hooks.js:1429:21)"],"meta":{}}],"startTime":1761739667955,"endTime":1761739667973.8372,"status":"failed","message":"","name":"/workspaces/ProspectPro/dev-tools/agents/client-service-layer/__tests__/MCPClientManager.integration.test.ts"},{"assertionResults":[{"ancestorTitles":["MCPClientManager","initialize"],"fullName":"MCPClientManager initialize should initialize successfully with valid config","status":"passed","title":"should initialize successfully with valid config","duration":4.632003999999995,"failureMessages":[],"meta":{}},{"ancestorTitles":["MCPClientManager","initialize"],"fullName":"MCPClientManager initialize should handle config warnings","status":"passed","title":"should handle config warnings","duration":0.5898119999999949,"failureMessages":[],"meta":{}},{"ancestorTitles":["MCPClientManager","initialize"],"fullName":"MCPClientManager initialize should throw error on config load failure","status":"passed","title":"should throw error on config load failure","duration":2.810290000000009,"failureMessages":[],"meta":{}},{"ancestorTitles":["MCPClientManager","getClient"],"fullName":"MCPClientManager getClient should throw error if not initialized","status":"passed","title":"should throw error if not initialized","duration":0.8460099999999784,"failureMessages":[],"meta":{}},{"ancestorTitles":["MCPClientManager","getClient"],"fullName":"MCPClientManager getClient should return client for valid server","status":"passed","title":"should return client for valid server","duration":101.25250299999999,"failureMessages":[],"meta":{}},{"ancestorTitles":["MCPClientManager","getClient"],"fullName":"MCPClientManager getClient should throw error for unknown server","status":"passed","title":"should throw error for unknown server","duration":0.789244999999994,"failureMessages":[],"meta":{}},{"ancestorTitles":["MCPClientManager","retry logic"],"fullName":"MCPClientManager retry logic should retry on failure and succeed","status":"passed","title":"should retry on failure and succeed","duration":908.141944,"failureMessages":[],"meta":{}},{"ancestorTitles":["MCPClientManager","retry logic"],"fullName":"MCPClientManager retry logic should fail after max attempts","status":"passed","title":"should fail after max attempts","duration":2625.9992489999995,"failureMessages":[],"meta":{}},{"ancestorTitles":["MCPClientManager","dispose and destroyAll"],"fullName":"MCPClientManager dispose and destroyAll should dispose client successfully","status":"passed","title":"should dispose client successfully","duration":1.4602680000002692,"failureMessages":[],"meta":{}},{"ancestorTitles":["MCPClientManager","dispose and destroyAll"],"fullName":"MCPClientManager dispose and destroyAll should handle dispose errors gracefully","status":"passed","title":"should handle dispose errors gracefully","duration":1.4652369999998882,"failureMessages":[],"meta":{}},{"ancestorTitles":["MCPClientManager","dispose and destroyAll"],"fullName":"MCPClientManager dispose and destroyAll should destroy all clients","status":"passed","title":"should destroy all clients","duration":1.4546270000000732,"failureMessages":[],"meta":{}}],"startTime":1761739668218,"endTime":1761739671868.4546,"status":"passed","message":"","name":"/workspaces/ProspectPro/dev-tools/agents/client-service-layer/__tests__/MCPClientManager.test.ts"},{"assertionResults":[{"ancestorTitles":["WorkspaceContext","getWorkspaceRoot"],"fullName":"WorkspaceContext getWorkspaceRoot should return injected root when provided","status":"passed","title":"should return injected root when provided","duration":1.9800590000000113,"failureMessages":[],"meta":{}},{"ancestorTitles":["WorkspaceContext","getWorkspaceRoot"],"fullName":"WorkspaceContext getWorkspaceRoot should return VS Code workspace folder when available","status":"passed","title":"should return VS Code workspace folder when available","duration":0.202668999999986,"failureMessages":[],"meta":{}},{"ancestorTitles":["WorkspaceContext","getWorkspaceRoot"],"fullName":"WorkspaceContext getWorkspaceRoot should prioritize injected root over VS Code folders","status":"passed","title":"should prioritize injected root over VS Code folders","duration":0.23176300000000083,"failureMessages":[],"meta":{}},{"ancestorTitles":["WorkspaceContext","getWorkspaceRoot"],"fullName":"WorkspaceContext getWorkspaceRoot should throw error when no workspace root available","status":"passed","title":"should throw error when no workspace root available","duration":1.0761699999999905,"failureMessages":[],"meta":{}}],"startTime":1761739668670,"endTime":1761739668673.0762,"status":"passed","message":"","name":"/workspaces/ProspectPro/dev-tools/agents/client-service-layer/__tests__/WorkspaceContext.test.ts"},{"assertionResults":[{"ancestorTitles":["Agents Infrastructure"],"fullName":"Agents Infrastructure should have MCP server tools available","status":"passed","title":"should have MCP server tools available","duration":2.4001030000000014,"failureMessages":[],"meta":{}},{"ancestorTitles":["Chatmodes prompt files"],"fullName":"Chatmodes prompt files should contain required metadata and hyperlinks","status":"passed","title":"should contain required metadata and hyperlinks","duration":1.261226999999991,"failureMessages":[],"meta":{}}],"startTime":1761739668877,"endTime":1761739668881.2612,"status":"passed","message":"","name":"/workspaces/ProspectPro/dev-tools/testing/unit/app/agents.spec.ts"},{"assertionResults":[{"ancestorTitles":["Automation scripts"],"fullName":"Automation scripts should run sample-automation.sh in dry-run mode and log output","status":"failed","title":"should run sample-automation.sh in dry-run mode and log output","duration":13.147339000000045,"failureMessages":["Error: Command failed: bash /workspaces/ProspectPro/dev-tools/testing/scripts/automation/sample-automation.sh --dry-run\nbash: /workspaces/ProspectPro/dev-tools/testing/scripts/automation/sample-automation.sh: No such file or directory\n\n    at genericNodeError (node:internal/errors:984:15)\n    at wrappedFn (node:internal/errors:538:14)\n    at checkExecSyncError (node:child_process:891:11)\n    at execSync (node:child_process:963:15)\n    at /workspaces/ProspectPro/dev-tools/testing/unit/dev-tools/automation.spec.ts:12:20\n    at file:///workspaces/ProspectPro/node_modules/@vitest/runner/dist/chunk-hooks.js:155:11\n    at file:///workspaces/ProspectPro/node_modules/@vitest/runner/dist/chunk-hooks.js:752:26\n    at file:///workspaces/ProspectPro/node_modules/@vitest/runner/dist/chunk-hooks.js:1897:20\n    at new Promise (<anonymous>)\n    at runWithTimeout (file:///workspaces/ProspectPro/node_modules/@vitest/runner/dist/chunk-hooks.js:1863:10)"],"meta":{}},{"ancestorTitles":["Automation scripts"],"fullName":"Automation scripts should have regression test for path rewrites","status":"failed","title":"should have regression test for path rewrites","duration":0.9385940000000232,"failureMessages":["Error: ENOENT: no such file or directory, open '/workspaces/ProspectPro/dev-tools/testing/scripts/automation/test-path-rewrite.txt'\n    at Object.writeFileSync (node:fs:2368:20)\n    at /workspaces/ProspectPro/dev-tools/testing/unit/dev-tools/automation.spec.ts:22:8\n    at file:///workspaces/ProspectPro/node_modules/@vitest/runner/dist/chunk-hooks.js:155:11\n    at file:///workspaces/ProspectPro/node_modules/@vitest/runner/dist/chunk-hooks.js:752:26\n    at file:///workspaces/ProspectPro/node_modules/@vitest/runner/dist/chunk-hooks.js:1897:20\n    at new Promise (<anonymous>)\n    at runWithTimeout (file:///workspaces/ProspectPro/node_modules/@vitest/runner/dist/chunk-hooks.js:1863:10)\n    at runTest (file:///workspaces/ProspectPro/node_modules/@vitest/runner/dist/chunk-hooks.js:1574:12)\n    at processTicksAndRejections (node:internal/process/task_queues:95:5)\n    at runSuite (file:///workspaces/ProspectPro/node_modules/@vitest/runner/dist/chunk-hooks.js:1729:8)"],"meta":{}}],"startTime":1761739667227,"endTime":1761739667240.9385,"status":"failed","message":"","name":"/workspaces/ProspectPro/dev-tools/testing/unit/dev-tools/automation.spec.ts"},{"assertionResults":[{"ancestorTitles":["MCP CLI tool output"],"fullName":"MCP CLI tool output should produce a diagnostics artifact matching the fixture","status":"passed","title":"should produce a diagnostics artifact matching the fixture","duration":2.6996840000000475,"failureMessages":[],"meta":{}}],"startTime":1761739667230,"endTime":1761739667232.6997,"status":"passed","message":"","name":"/workspaces/ProspectPro/dev-tools/testing/unit/mcp/mcp.spec.ts"},{"assertionResults":[{"ancestorTitles":["Frontend utilities"],"fullName":"Frontend utilities should have basic test coverage","status":"passed","title":"should have basic test coverage","duration":1.5578600000000051,"failureMessages":[],"meta":{}}],"startTime":1761739668876,"endTime":1761739668877.5579,"status":"passed","message":"","name":"/workspaces/ProspectPro/app/frontend/src/utils/__tests__/basic.test.ts"},{"assertionResults":[{"ancestorTitles":["transformCampaignData"],"fullName":"transformCampaignData normalizes campaign status, metrics, and lead enrichment","status":"passed","title":"normalizes campaign status, metrics, and lead enrichment","duration":4.088157999999993,"failureMessages":[],"meta":{}},{"ancestorTitles":["transformCampaignData"],"fullName":"transformCampaignData provides safe defaults when enrichment data is missing","status":"passed","title":"provides safe defaults when enrichment data is missing","duration":1.3208180000000027,"failureMessages":[],"meta":{}},{"ancestorTitles":["transformCampaignData"],"fullName":"transformCampaignData drops leads that do not have an identifier","status":"passed","title":"drops leads that do not have an identifier","duration":2.055741000000012,"failureMessages":[],"meta":{}}],"startTime":1761739668665,"endTime":1761739668673.0557,"status":"passed","message":"","name":"/workspaces/ProspectPro/app/frontend/src/utils/__tests__/campaignTransforms.test.ts"},{"assertionResults":[{"ancestorTitles":["Smoke tests"],"fullName":"Smoke tests should pass basic smoke test","status":"passed","title":"should pass basic smoke test","duration":1.0921909999999855,"failureMessages":[],"meta":{}}],"startTime":1761739669075,"endTime":1761739669076.0923,"status":"passed","message":"","name":"/workspaces/ProspectPro/app/frontend/src/utils/__tests__/smoke.test.ts"},{"assertionResults":[],"startTime":1761739666935,"endTime":1761739666935,"status":"failed","message":"Transform failed with 1 error:\n/workspaces/ProspectPro/dev-tools/testing/agents/business-discovery/e2e/business-discovery.spec.ts:8:0: ERROR: Unexpected end of file","name":"/workspaces/ProspectPro/dev-tools/testing/agents/business-discovery/e2e/business-discovery.spec.ts"},{"assertionResults":[{"ancestorTitles":["business-discovery unit tests"],"fullName":"business-discovery unit tests should pass placeholder test","status":"passed","title":"should pass placeholder test","duration":2.7448770000000025,"failureMessages":[],"meta":{}}],"startTime":1761739667226,"endTime":1761739667228.7449,"status":"passed","message":"","name":"/workspaces/ProspectPro/dev-tools/testing/agents/business-discovery/unit/business-discovery.test.ts"},{"assertionResults":[],"startTime":1761739666935,"endTime":1761739666935,"status":"failed","message":"Only URLs with a scheme in: file, data, and node are supported by the default ESM loader. Received protocol 'https:'","name":"/workspaces/ProspectPro/integration/platform/supabase/tests/database/edge-functions.test.ts"},{"assertionResults":[],"startTime":1761739666935,"endTime":1761739666935,"status":"failed","message":"No test suite found in file /workspaces/ProspectPro/integration/platform/supabase/tests/database/placeholder.test.ts","name":"/workspaces/ProspectPro/integration/platform/supabase/tests/database/placeholder.test.ts"},{"assertionResults":[],"startTime":1761739666935,"endTime":1761739666935,"status":"failed","message":"Only URLs with a scheme in: file, data, and node are supported by the default ESM loader. Received protocol 'https:'","name":"/workspaces/ProspectPro/supabase/functions/tests/business-discovery.test.ts"}]}